# JRE version: OpenJDK Runtime Environment Microsoft-8902769 (17.0.10+7) (build 17.0.10+7-LTS)
# Java VM: OpenJDK 64-Bit Server VM Microsoft-8902769 (17.0.10+7-LTS, mixed mode, sharing, tiered, compressed oops, compressed class ptrs, g1 gc, windows-amd64)
GC Precious Log:
 CPUs: 8 total, 8 available
 Memory: 16280M
 Large Page Support: Disabled
 NUMA Support: Disabled
 Compressed Oops: Enabled (Zero based)
 Heap Region Size: 2M
 Heap Min Capacity: 8M
 Heap Initial Capacity: 256M
 Heap Max Capacity: 4072M
 Pre-touch: Disabled
 Parallel Workers: 8
 Concurrent Workers: 2
 Concurrent Refinement Workers: 8
 Periodic GC: Disabled
Heap:
 garbage-first heap   total 98304K, used 45730K [0x0000000701800000, 0x0000000800000000)
  region size 2048K, 6 young (12288K), 2 survivors (4096K)
 Metaspace       used 75997K, committed 76800K, reserved 1179648K
  class space    used 10242K, committed 10624K, reserved 1048576K
GC Heap History (20 events):
Event: 8.470 GC heap before
{Heap before GC invocations=11 (full 0):
 garbage-first heap   total 81920K, used 64602K [0x0000000701800000, 0x0000000800000000)
  region size 2048K, 24 young (49152K), 3 survivors (6144K)
 Metaspace       used 43160K, committed 43648K, reserved 1114112K
  class space    used 5433K, committed 5696K, reserved 1048576K
}
Event: 8.483 GC heap after
{Heap after GC invocations=12 (full 0):
 garbage-first heap   total 81920K, used 24128K [0x0000000701800000, 0x0000000800000000)
  region size 2048K, 3 young (6144K), 3 survivors (6144K)
 Metaspace       used 43160K, committed 43648K, reserved 1114112K
  class space    used 5433K, committed 5696K, reserved 1048576K
}
Event: 9.480 GC heap before
{Heap before GC invocations=12 (full 0):
 garbage-first heap   total 81920K, used 56896K [0x0000000701800000, 0x0000000800000000)
  region size 2048K, 20 young (40960K), 3 survivors (6144K)
 Metaspace       used 50484K, committed 51008K, reserved 1114112K
  class space    used 6620K, committed 6848K, reserved 1048576K
}
Event: 9.487 GC heap after
{Heap after GC invocations=13 (full 0):
 garbage-first heap   total 81920K, used 25482K [0x0000000701800000, 0x0000000800000000)
  region size 2048K, 3 young (6144K), 3 survivors (6144K)
 Metaspace       used 50484K, committed 51008K, reserved 1114112K
  class space    used 6620K, committed 6848K, reserved 1048576K
}
Event: 10.618 GC heap before
{Heap before GC invocations=13 (full 0):
 garbage-first heap   total 81920K, used 58250K [0x0000000701800000, 0x0000000800000000)
  region size 2048K, 20 young (40960K), 3 survivors (6144K)
 Metaspace       used 58872K, committed 59328K, reserved 1114112K
  class space    used 7913K, committed 8128K, reserved 1048576K
}
Event: 10.624 GC heap after
{Heap after GC invocations=14 (full 0):
 garbage-first heap   total 81920K, used 26703K [0x0000000701800000, 0x0000000800000000)
  region size 2048K, 2 young (4096K), 2 survivors (4096K)
 Metaspace       used 58872K, committed 59328K, reserved 1114112K
  class space    used 7913K, committed 8128K, reserved 1048576K
}
Event: 10.711 GC heap before
{Heap before GC invocations=14 (full 0):
 garbage-first heap   total 81920K, used 28751K [0x0000000701800000, 0x0000000800000000)
  region size 2048K, 4 young (8192K), 2 survivors (4096K)
 Metaspace       used 59584K, committed 60096K, reserved 1114112K
  class space    used 8020K, committed 8256K, reserved 1048576K
}
Event: 10.715 GC heap after
{Heap after GC invocations=15 (full 0):
 garbage-first heap   total 81920K, used 26815K [0x0000000701800000, 0x0000000800000000)
  region size 2048K, 2 young (4096K), 2 survivors (4096K)
 Metaspace       used 59584K, committed 60096K, reserved 1114112K
  class space    used 8020K, committed 8256K, reserved 1048576K
}
Event: 11.529 GC heap before
{Heap before GC invocations=16 (full 0):
 garbage-first heap   total 81920K, used 63679K [0x0000000701800000, 0x0000000800000000)
  region size 2048K, 20 young (40960K), 2 survivors (4096K)
 Metaspace       used 63951K, committed 64512K, reserved 1114112K
  class space    used 8656K, committed 8960K, reserved 1048576K
}
Event: 11.539 GC heap after
{Heap after GC invocations=17 (full 0):
 garbage-first heap   total 81920K, used 29361K [0x0000000701800000, 0x0000000800000000)
  region size 2048K, 3 young (6144K), 3 survivors (6144K)
 Metaspace       used 63951K, committed 64512K, reserved 1114112K
  class space    used 8656K, committed 8960K, reserved 1048576K
}
Event: 12.254 GC heap before
{Heap before GC invocations=18 (full 0):
 garbage-first heap   total 81920K, used 62129K [0x0000000701800000, 0x0000000800000000)
  region size 2048K, 20 young (40960K), 3 survivors (6144K)
 Metaspace       used 66246K, committed 66816K, reserved 1114112K
  class space    used 8952K, committed 9216K, reserved 1048576K
}
Event: 12.263 GC heap after
{Heap after GC invocations=19 (full 0):
 garbage-first heap   total 81920K, used 32029K [0x0000000701800000, 0x0000000800000000)
  region size 2048K, 3 young (6144K), 3 survivors (6144K)
 Metaspace       used 66246K, committed 66816K, reserved 1114112K
  class space    used 8952K, committed 9216K, reserved 1048576K
}
Event: 12.911 GC heap before
{Heap before GC invocations=19 (full 0):
 garbage-first heap   total 81920K, used 62749K [0x0000000701800000, 0x0000000800000000)
  region size 2048K, 18 young (36864K), 3 survivors (6144K)
 Metaspace       used 68182K, committed 68736K, reserved 1114112K
  class space    used 9216K, committed 9472K, reserved 1048576K
}
Event: 12.920 GC heap after
{Heap after GC invocations=20 (full 0):
 garbage-first heap   total 81920K, used 34371K [0x0000000701800000, 0x0000000800000000)
  region size 2048K, 3 young (6144K), 3 survivors (6144K)
 Metaspace       used 68182K, committed 68736K, reserved 1114112K
  class space    used 9216K, committed 9472K, reserved 1048576K
}
Event: 13.436 GC heap before
{Heap before GC invocations=20 (full 0):
 garbage-first heap   total 81920K, used 65091K [0x0000000701800000, 0x0000000800000000)
  region size 2048K, 18 young (36864K), 3 survivors (6144K)
 Metaspace       used 69379K, committed 69952K, reserved 1114112K
  class space    used 9381K, committed 9664K, reserved 1048576K
}
Event: 13.446 GC heap after
{Heap after GC invocations=21 (full 0):
 garbage-first heap   total 81920K, used 36524K [0x0000000701800000, 0x0000000800000000)
  region size 2048K, 3 young (6144K), 3 survivors (6144K)
 Metaspace       used 69379K, committed 69952K, reserved 1114112K
  class space    used 9381K, committed 9664K, reserved 1048576K
}
Event: 37.009 GC heap before
{Heap before GC invocations=21 (full 0):
 garbage-first heap   total 81920K, used 65196K [0x0000000701800000, 0x0000000800000000)
  region size 2048K, 17 young (34816K), 3 survivors (6144K)
 Metaspace       used 71973K, committed 72640K, reserved 1114112K
  class space    used 9738K, committed 10048K, reserved 1048576K
}
Event: 37.016 GC heap after
{Heap after GC invocations=22 (full 0):
 garbage-first heap   total 98304K, used 37159K [0x0000000701800000, 0x0000000800000000)
  region size 2048K, 2 young (4096K), 2 survivors (4096K)
 Metaspace       used 71973K, committed 72640K, reserved 1114112K
  class space    used 9738K, committed 10048K, reserved 1048576K
}
Event: 79.881 GC heap before
{Heap before GC invocations=22 (full 0):
 garbage-first heap   total 98304K, used 78119K [0x0000000701800000, 0x0000000800000000)
  region size 2048K, 22 young (45056K), 2 survivors (4096K)
 Metaspace       used 75600K, committed 76352K, reserved 1179648K
  class space    used 10200K, committed 10560K, reserved 1048576K
}
Event: 79.894 GC heap after
{Heap after GC invocations=23 (full 0):
 garbage-first heap   total 98304K, used 39586K [0x0000000701800000, 0x0000000800000000)
  region size 2048K, 2 young (4096K), 2 survivors (4096K)
 Metaspace       used 75600K, committed 76352K, reserved 1179648K
  class space    used 10200K, committed 10560K, reserved 1048576K
}

